2018-09-21 12:52:45.923  INFO 1982 --- [restartedMain] c.e.g.g.GraphComputeApplication          : Starting GraphComputeApplication on Dipeshs-MacBook-Pro.local with PID 1982 (started by Dipesh in /Users/Dipesh/OneDrive/Research Engineer/workspace/graph-compute)
2018-09-21 12:52:45.934  INFO 1982 --- [restartedMain] c.e.g.g.GraphComputeApplication          : No active profile set, falling back to default profiles: default
2018-09-21 12:52:46.016  INFO 1982 --- [restartedMain] ConfigServletWebServerApplicationContext : Refreshing org.springframework.boot.web.servlet.context.AnnotationConfigServletWebServerApplicationContext@3db75897: startup date [Fri Sep 21 12:52:46 CEST 2018]; root of context hierarchy
2018-09-21 12:52:47.957  INFO 1982 --- [restartedMain] trationDelegate$BeanPostProcessorChecker : Bean 'org.springframework.transaction.annotation.ProxyTransactionManagementConfiguration' of type [org.springframework.transaction.annotation.ProxyTransactionManagementConfiguration$$EnhancerBySpringCGLIB$$9be1f689] is not eligible for getting processed by all BeanPostProcessors (for example: not eligible for auto-proxying)
2018-09-21 12:52:48.682  INFO 1982 --- [restartedMain] o.s.b.w.embedded.tomcat.TomcatWebServer  : Tomcat initialized with port(s): 8090 (http)
2018-09-21 12:52:48.723  INFO 1982 --- [restartedMain] o.apache.catalina.core.StandardService   : Starting service [Tomcat]
2018-09-21 12:52:48.723  INFO 1982 --- [restartedMain] org.apache.catalina.core.StandardEngine  : Starting Servlet Engine: Apache Tomcat/8.5.32
2018-09-21 12:52:48.730  INFO 1982 --- [localhost-startStop-1] o.a.catalina.core.AprLifecycleListener   : The APR based Apache Tomcat Native library which allows optimal performance in production environments was not found on the java.library.path: [/Users/Dipesh/Library/Java/Extensions:/Library/Java/Extensions:/Network/Library/Java/Extensions:/System/Library/Java/Extensions:/usr/lib/java:.]
2018-09-21 12:52:48.895  INFO 1982 --- [localhost-startStop-1] o.a.c.c.C.[Tomcat].[localhost].[/]       : Initializing Spring embedded WebApplicationContext
2018-09-21 12:52:48.896  INFO 1982 --- [localhost-startStop-1] o.s.web.context.ContextLoader            : Root WebApplicationContext: initialization completed in 2879 ms
2018-09-21 12:52:49.027  INFO 1982 --- [localhost-startStop-1] o.s.b.w.servlet.ServletRegistrationBean  : Servlet dispatcherServlet mapped to [/]
2018-09-21 12:52:49.033  INFO 1982 --- [localhost-startStop-1] o.s.b.w.servlet.FilterRegistrationBean   : Mapping filter: 'characterEncodingFilter' to: [/*]
2018-09-21 12:52:49.034  INFO 1982 --- [localhost-startStop-1] o.s.b.w.servlet.FilterRegistrationBean   : Mapping filter: 'hiddenHttpMethodFilter' to: [/*]
2018-09-21 12:52:49.035  INFO 1982 --- [localhost-startStop-1] o.s.b.w.servlet.FilterRegistrationBean   : Mapping filter: 'httpPutFormContentFilter' to: [/*]
2018-09-21 12:52:49.035  INFO 1982 --- [localhost-startStop-1] o.s.b.w.servlet.FilterRegistrationBean   : Mapping filter: 'requestContextFilter' to: [/*]
2018-09-21 12:52:49.279  INFO 1982 --- [restartedMain] com.zaxxer.hikari.HikariDataSource       : HikariPool-1 - Starting...
2018-09-21 12:52:49.676  INFO 1982 --- [restartedMain] com.zaxxer.hikari.HikariDataSource       : HikariPool-1 - Start completed.
2018-09-21 12:52:49.739  INFO 1982 --- [restartedMain] j.LocalContainerEntityManagerFactoryBean : Building JPA container EntityManagerFactory for persistence unit 'default'
2018-09-21 12:52:49.758  INFO 1982 --- [restartedMain] o.hibernate.jpa.internal.util.LogHelper  : HHH000204: Processing PersistenceUnitInfo [
	name: default
	...]
2018-09-21 12:52:49.868  INFO 1982 --- [restartedMain] org.hibernate.Version                    : HHH000412: Hibernate Core {5.2.17.Final}
2018-09-21 12:52:49.870  INFO 1982 --- [restartedMain] org.hibernate.cfg.Environment            : HHH000206: hibernate.properties not found
2018-09-21 12:52:49.933  INFO 1982 --- [restartedMain] o.hibernate.annotations.common.Version   : HCANN000001: Hibernate Commons Annotations {5.0.1.Final}
2018-09-21 12:52:50.264  INFO 1982 --- [restartedMain] org.hibernate.dialect.Dialect            : HHH000400: Using dialect: org.hibernate.dialect.MySQL5InnoDBDialect
2018-09-21 12:52:50.683  INFO 1982 --- [restartedMain] j.LocalContainerEntityManagerFactoryBean : Initialized JPA EntityManagerFactory for persistence unit 'default'
2018-09-21 12:52:50.909  INFO 1982 --- [restartedMain] o.s.w.s.handler.SimpleUrlHandlerMapping  : Mapped URL path [/**/favicon.ico] onto handler of type [class org.springframework.web.servlet.resource.ResourceHttpRequestHandler]
2018-09-21 12:52:51.417  INFO 1982 --- [restartedMain] s.w.s.m.m.a.RequestMappingHandlerAdapter : Looking for @ControllerAdvice: org.springframework.boot.web.servlet.context.AnnotationConfigServletWebServerApplicationContext@3db75897: startup date [Fri Sep 21 12:52:46 CEST 2018]; root of context hierarchy
2018-09-21 12:52:51.478  WARN 1982 --- [restartedMain] aWebConfiguration$JpaWebMvcConfiguration : spring.jpa.open-in-view is enabled by default. Therefore, database queries may be performed during view rendering. Explicitly configure spring.jpa.open-in-view to disable this warning
2018-09-21 12:52:51.561  INFO 1982 --- [restartedMain] s.w.s.m.m.a.RequestMappingHandlerMapping : Mapped "{[/error]}" onto public org.springframework.http.ResponseEntity<java.util.Map<java.lang.String, java.lang.Object>> org.springframework.boot.autoconfigure.web.servlet.error.BasicErrorController.error(javax.servlet.http.HttpServletRequest)
2018-09-21 12:52:51.563  INFO 1982 --- [restartedMain] s.w.s.m.m.a.RequestMappingHandlerMapping : Mapped "{[/error],produces=[text/html]}" onto public org.springframework.web.servlet.ModelAndView org.springframework.boot.autoconfigure.web.servlet.error.BasicErrorController.errorHtml(javax.servlet.http.HttpServletRequest,javax.servlet.http.HttpServletResponse)
2018-09-21 12:52:51.652  INFO 1982 --- [restartedMain] o.s.w.s.handler.SimpleUrlHandlerMapping  : Mapped URL path [/webjars/**] onto handler of type [class org.springframework.web.servlet.resource.ResourceHttpRequestHandler]
2018-09-21 12:52:51.653  INFO 1982 --- [restartedMain] o.s.w.s.handler.SimpleUrlHandlerMapping  : Mapped URL path [/**] onto handler of type [class org.springframework.web.servlet.resource.ResourceHttpRequestHandler]
2018-09-21 12:52:52.238  WARN 1982 --- [restartedMain] o.s.b.d.a.OptionalLiveReloadServer       : Unable to start LiveReload server
2018-09-21 12:52:52.312  INFO 1982 --- [restartedMain] o.s.j.e.a.AnnotationMBeanExporter        : Registering beans for JMX exposure on startup
2018-09-21 12:52:52.315  INFO 1982 --- [restartedMain] o.s.j.e.a.AnnotationMBeanExporter        : Bean with name 'dataSource' has been autodetected for JMX exposure
2018-09-21 12:52:52.327  INFO 1982 --- [restartedMain] o.s.j.e.a.AnnotationMBeanExporter        : Located MBean 'dataSource': registering with JMX server as MBean [com.zaxxer.hikari:name=dataSource,type=HikariDataSource]
2018-09-21 12:52:52.415  INFO 1982 --- [restartedMain] o.s.b.w.embedded.tomcat.TomcatWebServer  : Tomcat started on port(s): 8090 (http) with context path ''
2018-09-21 12:52:52.424  INFO 1982 --- [restartedMain] c.e.g.g.GraphComputeApplication          : Started GraphComputeApplication in 7.014 seconds (JVM running for 8.058)
2018-09-21 12:53:00.257  INFO 1982 --- [RMI TCP Connection(2)-127.0.0.1] inMXBeanRegistrar$SpringApplicationAdmin : Application shutdown requested.
2018-09-21 12:53:00.257  INFO 1982 --- [RMI TCP Connection(2)-127.0.0.1] ConfigServletWebServerApplicationContext : Closing org.springframework.boot.web.servlet.context.AnnotationConfigServletWebServerApplicationContext@3db75897: startup date [Fri Sep 21 12:52:46 CEST 2018]; root of context hierarchy
2018-09-21 12:53:00.266  INFO 1982 --- [RMI TCP Connection(2)-127.0.0.1] com.zaxxer.hikari.HikariDataSource       : HikariPool-1 - Shutdown initiated...
2018-09-21 12:53:00.276  INFO 1982 --- [RMI TCP Connection(2)-127.0.0.1] com.zaxxer.hikari.HikariDataSource       : HikariPool-1 - Shutdown completed.
2018-09-21 12:53:23.399  INFO 1997 --- [restartedMain] c.e.g.g.GraphComputeApplication          : Starting GraphComputeApplication on Dipeshs-MacBook-Pro.local with PID 1997 (started by Dipesh in /Users/Dipesh/OneDrive/Research Engineer/workspace/graph-compute)
2018-09-21 12:53:23.409  INFO 1997 --- [restartedMain] c.e.g.g.GraphComputeApplication          : No active profile set, falling back to default profiles: default
2018-09-21 12:53:23.505  INFO 1997 --- [restartedMain] ConfigServletWebServerApplicationContext : Refreshing org.springframework.boot.web.servlet.context.AnnotationConfigServletWebServerApplicationContext@4fbf0224: startup date [Fri Sep 21 12:53:23 CEST 2018]; root of context hierarchy
2018-09-21 12:53:26.483  INFO 1997 --- [restartedMain] trationDelegate$BeanPostProcessorChecker : Bean 'org.springframework.transaction.annotation.ProxyTransactionManagementConfiguration' of type [org.springframework.transaction.annotation.ProxyTransactionManagementConfiguration$$EnhancerBySpringCGLIB$$2fb688b1] is not eligible for getting processed by all BeanPostProcessors (for example: not eligible for auto-proxying)
2018-09-21 12:53:27.503  INFO 1997 --- [restartedMain] o.s.b.w.embedded.tomcat.TomcatWebServer  : Tomcat initialized with port(s): 8090 (http)
2018-09-21 12:53:27.551  INFO 1997 --- [restartedMain] o.apache.catalina.core.StandardService   : Starting service [Tomcat]
2018-09-21 12:53:27.551  INFO 1997 --- [restartedMain] org.apache.catalina.core.StandardEngine  : Starting Servlet Engine: Apache Tomcat/8.5.32
2018-09-21 12:53:27.563  INFO 1997 --- [localhost-startStop-1] o.a.catalina.core.AprLifecycleListener   : The APR based Apache Tomcat Native library which allows optimal performance in production environments was not found on the java.library.path: [/Users/Dipesh/Library/Java/Extensions:/Library/Java/Extensions:/Network/Library/Java/Extensions:/System/Library/Java/Extensions:/usr/lib/java:.]
2018-09-21 12:53:27.744  INFO 1997 --- [localhost-startStop-1] o.a.c.c.C.[Tomcat].[localhost].[/]       : Initializing Spring embedded WebApplicationContext
2018-09-21 12:53:27.745  INFO 1997 --- [localhost-startStop-1] o.s.web.context.ContextLoader            : Root WebApplicationContext: initialization completed in 4241 ms
2018-09-21 12:53:27.939  INFO 1997 --- [localhost-startStop-1] o.s.b.w.servlet.ServletRegistrationBean  : Servlet dispatcherServlet mapped to [/]
2018-09-21 12:53:27.948  INFO 1997 --- [localhost-startStop-1] o.s.b.w.servlet.FilterRegistrationBean   : Mapping filter: 'characterEncodingFilter' to: [/*]
2018-09-21 12:53:27.949  INFO 1997 --- [localhost-startStop-1] o.s.b.w.servlet.FilterRegistrationBean   : Mapping filter: 'hiddenHttpMethodFilter' to: [/*]
2018-09-21 12:53:27.950  INFO 1997 --- [localhost-startStop-1] o.s.b.w.servlet.FilterRegistrationBean   : Mapping filter: 'httpPutFormContentFilter' to: [/*]
2018-09-21 12:53:27.950  INFO 1997 --- [localhost-startStop-1] o.s.b.w.servlet.FilterRegistrationBean   : Mapping filter: 'requestContextFilter' to: [/*]
2018-09-21 12:53:28.310  INFO 1997 --- [restartedMain] com.zaxxer.hikari.HikariDataSource       : HikariPool-1 - Starting...
2018-09-21 12:53:28.742  INFO 1997 --- [restartedMain] com.zaxxer.hikari.HikariDataSource       : HikariPool-1 - Start completed.
2018-09-21 12:53:28.870  INFO 1997 --- [restartedMain] j.LocalContainerEntityManagerFactoryBean : Building JPA container EntityManagerFactory for persistence unit 'default'
2018-09-21 12:53:28.917  INFO 1997 --- [restartedMain] o.hibernate.jpa.internal.util.LogHelper  : HHH000204: Processing PersistenceUnitInfo [
	name: default
	...]
2018-09-21 12:53:29.121  INFO 1997 --- [restartedMain] org.hibernate.Version                    : HHH000412: Hibernate Core {5.2.17.Final}
2018-09-21 12:53:29.126  INFO 1997 --- [restartedMain] org.hibernate.cfg.Environment            : HHH000206: hibernate.properties not found
2018-09-21 12:53:29.468  INFO 1997 --- [restartedMain] o.hibernate.annotations.common.Version   : HCANN000001: Hibernate Commons Annotations {5.0.1.Final}
2018-09-21 12:53:29.705  INFO 1997 --- [restartedMain] org.hibernate.dialect.Dialect            : HHH000400: Using dialect: org.hibernate.dialect.MySQL5InnoDBDialect
2018-09-21 12:53:30.188  INFO 1997 --- [restartedMain] j.LocalContainerEntityManagerFactoryBean : Initialized JPA EntityManagerFactory for persistence unit 'default'
2018-09-21 12:53:30.620  INFO 1997 --- [restartedMain] o.s.w.s.handler.SimpleUrlHandlerMapping  : Mapped URL path [/**/favicon.ico] onto handler of type [class org.springframework.web.servlet.resource.ResourceHttpRequestHandler]
2018-09-21 12:53:31.291  INFO 1997 --- [restartedMain] s.w.s.m.m.a.RequestMappingHandlerAdapter : Looking for @ControllerAdvice: org.springframework.boot.web.servlet.context.AnnotationConfigServletWebServerApplicationContext@4fbf0224: startup date [Fri Sep 21 12:53:23 CEST 2018]; root of context hierarchy
2018-09-21 12:53:31.356  WARN 1997 --- [restartedMain] aWebConfiguration$JpaWebMvcConfiguration : spring.jpa.open-in-view is enabled by default. Therefore, database queries may be performed during view rendering. Explicitly configure spring.jpa.open-in-view to disable this warning
2018-09-21 12:53:31.458  INFO 1997 --- [restartedMain] s.w.s.m.m.a.RequestMappingHandlerMapping : Mapped "{[/error]}" onto public org.springframework.http.ResponseEntity<java.util.Map<java.lang.String, java.lang.Object>> org.springframework.boot.autoconfigure.web.servlet.error.BasicErrorController.error(javax.servlet.http.HttpServletRequest)
2018-09-21 12:53:31.460  INFO 1997 --- [restartedMain] s.w.s.m.m.a.RequestMappingHandlerMapping : Mapped "{[/error],produces=[text/html]}" onto public org.springframework.web.servlet.ModelAndView org.springframework.boot.autoconfigure.web.servlet.error.BasicErrorController.errorHtml(javax.servlet.http.HttpServletRequest,javax.servlet.http.HttpServletResponse)
2018-09-21 12:53:31.561  INFO 1997 --- [restartedMain] o.s.w.s.handler.SimpleUrlHandlerMapping  : Mapped URL path [/webjars/**] onto handler of type [class org.springframework.web.servlet.resource.ResourceHttpRequestHandler]
2018-09-21 12:53:31.561  INFO 1997 --- [restartedMain] o.s.w.s.handler.SimpleUrlHandlerMapping  : Mapped URL path [/**] onto handler of type [class org.springframework.web.servlet.resource.ResourceHttpRequestHandler]
2018-09-21 12:53:32.543  WARN 1997 --- [restartedMain] o.s.b.d.a.OptionalLiveReloadServer       : Unable to start LiveReload server
2018-09-21 12:53:32.658  INFO 1997 --- [restartedMain] o.s.j.e.a.AnnotationMBeanExporter        : Registering beans for JMX exposure on startup
2018-09-21 12:53:32.662  INFO 1997 --- [restartedMain] o.s.j.e.a.AnnotationMBeanExporter        : Bean with name 'dataSource' has been autodetected for JMX exposure
2018-09-21 12:53:32.680  INFO 1997 --- [restartedMain] o.s.j.e.a.AnnotationMBeanExporter        : Located MBean 'dataSource': registering with JMX server as MBean [com.zaxxer.hikari:name=dataSource,type=HikariDataSource]
2018-09-21 12:53:32.762  INFO 1997 --- [restartedMain] o.s.b.w.embedded.tomcat.TomcatWebServer  : Tomcat started on port(s): 8090 (http) with context path ''
2018-09-21 12:53:32.775  INFO 1997 --- [restartedMain] c.e.g.g.GraphComputeApplication          : Started GraphComputeApplication in 10.058 seconds (JVM running for 11.808)
2018-09-21 12:53:41.309  INFO 1997 --- [RMI TCP Connection(2)-127.0.0.1] inMXBeanRegistrar$SpringApplicationAdmin : Application shutdown requested.
2018-09-21 12:53:41.310  INFO 1997 --- [RMI TCP Connection(2)-127.0.0.1] ConfigServletWebServerApplicationContext : Closing org.springframework.boot.web.servlet.context.AnnotationConfigServletWebServerApplicationContext@4fbf0224: startup date [Fri Sep 21 12:53:23 CEST 2018]; root of context hierarchy
2018-09-21 12:53:41.317  INFO 1997 --- [RMI TCP Connection(2)-127.0.0.1] com.zaxxer.hikari.HikariDataSource       : HikariPool-1 - Shutdown initiated...
2018-09-21 12:53:41.327  INFO 1997 --- [RMI TCP Connection(2)-127.0.0.1] com.zaxxer.hikari.HikariDataSource       : HikariPool-1 - Shutdown completed.
2018-09-21 14:01:14.878  INFO 4133 --- [restartedMain] c.e.g.g.GraphComputeApplication          : Starting GraphComputeApplication on Dipeshs-MacBook-Pro.local with PID 4133 (started by Dipesh in /Users/Dipesh/OneDrive/Research Engineer/workspace/graph-compute)
2018-09-21 14:01:14.883  INFO 4133 --- [restartedMain] c.e.g.g.GraphComputeApplication          : No active profile set, falling back to default profiles: default
2018-09-21 14:01:14.923  INFO 4133 --- [restartedMain] ConfigServletWebServerApplicationContext : Refreshing org.springframework.boot.web.servlet.context.AnnotationConfigServletWebServerApplicationContext@67ff2af9: startup date [Fri Sep 21 14:01:14 CEST 2018]; root of context hierarchy
2018-09-21 14:01:16.103  INFO 4133 --- [restartedMain] trationDelegate$BeanPostProcessorChecker : Bean 'org.springframework.transaction.annotation.ProxyTransactionManagementConfiguration' of type [org.springframework.transaction.annotation.ProxyTransactionManagementConfiguration$$EnhancerBySpringCGLIB$$e1504ffe] is not eligible for getting processed by all BeanPostProcessors (for example: not eligible for auto-proxying)
2018-09-21 14:01:16.505  INFO 4133 --- [restartedMain] o.s.b.w.embedded.tomcat.TomcatWebServer  : Tomcat initialized with port(s): 8090 (http)
2018-09-21 14:01:16.541  INFO 4133 --- [restartedMain] o.apache.catalina.core.StandardService   : Starting service [Tomcat]
2018-09-21 14:01:16.541  INFO 4133 --- [restartedMain] org.apache.catalina.core.StandardEngine  : Starting Servlet Engine: Apache Tomcat/8.5.32
2018-09-21 14:01:16.546  INFO 4133 --- [localhost-startStop-1] o.a.catalina.core.AprLifecycleListener   : The APR based Apache Tomcat Native library which allows optimal performance in production environments was not found on the java.library.path: [/Users/Dipesh/Library/Java/Extensions:/Library/Java/Extensions:/Network/Library/Java/Extensions:/System/Library/Java/Extensions:/usr/lib/java:.]
2018-09-21 14:01:16.611  INFO 4133 --- [localhost-startStop-1] o.a.c.c.C.[Tomcat].[localhost].[/]       : Initializing Spring embedded WebApplicationContext
2018-09-21 14:01:16.612  INFO 4133 --- [localhost-startStop-1] o.s.web.context.ContextLoader            : Root WebApplicationContext: initialization completed in 1689 ms
2018-09-21 14:01:16.686  INFO 4133 --- [localhost-startStop-1] o.s.b.w.servlet.ServletRegistrationBean  : Servlet dispatcherServlet mapped to [/]
2018-09-21 14:01:16.689  INFO 4133 --- [localhost-startStop-1] o.s.b.w.servlet.FilterRegistrationBean   : Mapping filter: 'characterEncodingFilter' to: [/*]
2018-09-21 14:01:16.690  INFO 4133 --- [localhost-startStop-1] o.s.b.w.servlet.FilterRegistrationBean   : Mapping filter: 'hiddenHttpMethodFilter' to: [/*]
2018-09-21 14:01:16.690  INFO 4133 --- [localhost-startStop-1] o.s.b.w.servlet.FilterRegistrationBean   : Mapping filter: 'httpPutFormContentFilter' to: [/*]
2018-09-21 14:01:16.690  INFO 4133 --- [localhost-startStop-1] o.s.b.w.servlet.FilterRegistrationBean   : Mapping filter: 'requestContextFilter' to: [/*]
2018-09-21 14:01:16.827  INFO 4133 --- [restartedMain] com.zaxxer.hikari.HikariDataSource       : HikariPool-1 - Starting...
2018-09-21 14:01:16.996  INFO 4133 --- [restartedMain] com.zaxxer.hikari.HikariDataSource       : HikariPool-1 - Start completed.
2018-09-21 14:01:17.034  INFO 4133 --- [restartedMain] j.LocalContainerEntityManagerFactoryBean : Building JPA container EntityManagerFactory for persistence unit 'default'
2018-09-21 14:01:17.043  INFO 4133 --- [restartedMain] o.hibernate.jpa.internal.util.LogHelper  : HHH000204: Processing PersistenceUnitInfo [
	name: default
	...]
2018-09-21 14:01:17.102  INFO 4133 --- [restartedMain] org.hibernate.Version                    : HHH000412: Hibernate Core {5.2.17.Final}
2018-09-21 14:01:17.104  INFO 4133 --- [restartedMain] org.hibernate.cfg.Environment            : HHH000206: hibernate.properties not found
2018-09-21 14:01:17.220  INFO 4133 --- [restartedMain] o.hibernate.annotations.common.Version   : HCANN000001: Hibernate Commons Annotations {5.0.1.Final}
2018-09-21 14:01:17.308  INFO 4133 --- [restartedMain] org.hibernate.dialect.Dialect            : HHH000400: Using dialect: org.hibernate.dialect.MySQL5InnoDBDialect
2018-09-21 14:01:17.503  INFO 4133 --- [restartedMain] j.LocalContainerEntityManagerFactoryBean : Initialized JPA EntityManagerFactory for persistence unit 'default'
2018-09-21 14:01:17.632  INFO 4133 --- [restartedMain] o.s.w.s.handler.SimpleUrlHandlerMapping  : Mapped URL path [/**/favicon.ico] onto handler of type [class org.springframework.web.servlet.resource.ResourceHttpRequestHandler]
2018-09-21 14:01:17.889  INFO 4133 --- [restartedMain] s.w.s.m.m.a.RequestMappingHandlerAdapter : Looking for @ControllerAdvice: org.springframework.boot.web.servlet.context.AnnotationConfigServletWebServerApplicationContext@67ff2af9: startup date [Fri Sep 21 14:01:14 CEST 2018]; root of context hierarchy
2018-09-21 14:01:17.917  WARN 4133 --- [restartedMain] aWebConfiguration$JpaWebMvcConfiguration : spring.jpa.open-in-view is enabled by default. Therefore, database queries may be performed during view rendering. Explicitly configure spring.jpa.open-in-view to disable this warning
2018-09-21 14:01:17.962  INFO 4133 --- [restartedMain] s.w.s.m.m.a.RequestMappingHandlerMapping : Mapped "{[/error]}" onto public org.springframework.http.ResponseEntity<java.util.Map<java.lang.String, java.lang.Object>> org.springframework.boot.autoconfigure.web.servlet.error.BasicErrorController.error(javax.servlet.http.HttpServletRequest)
2018-09-21 14:01:17.963  INFO 4133 --- [restartedMain] s.w.s.m.m.a.RequestMappingHandlerMapping : Mapped "{[/error],produces=[text/html]}" onto public org.springframework.web.servlet.ModelAndView org.springframework.boot.autoconfigure.web.servlet.error.BasicErrorController.errorHtml(javax.servlet.http.HttpServletRequest,javax.servlet.http.HttpServletResponse)
2018-09-21 14:01:18.015  INFO 4133 --- [restartedMain] o.s.w.s.handler.SimpleUrlHandlerMapping  : Mapped URL path [/webjars/**] onto handler of type [class org.springframework.web.servlet.resource.ResourceHttpRequestHandler]
2018-09-21 14:01:18.015  INFO 4133 --- [restartedMain] o.s.w.s.handler.SimpleUrlHandlerMapping  : Mapped URL path [/**] onto handler of type [class org.springframework.web.servlet.resource.ResourceHttpRequestHandler]
2018-09-21 14:01:18.348  WARN 4133 --- [restartedMain] o.s.b.d.a.OptionalLiveReloadServer       : Unable to start LiveReload server
2018-09-21 14:01:18.384  INFO 4133 --- [restartedMain] o.s.j.e.a.AnnotationMBeanExporter        : Registering beans for JMX exposure on startup
2018-09-21 14:01:18.385  INFO 4133 --- [restartedMain] o.s.j.e.a.AnnotationMBeanExporter        : Bean with name 'dataSource' has been autodetected for JMX exposure
2018-09-21 14:01:18.391  INFO 4133 --- [restartedMain] o.s.j.e.a.AnnotationMBeanExporter        : Located MBean 'dataSource': registering with JMX server as MBean [com.zaxxer.hikari:name=dataSource,type=HikariDataSource]
2018-09-21 14:01:18.432  INFO 4133 --- [restartedMain] o.s.b.w.embedded.tomcat.TomcatWebServer  : Tomcat started on port(s): 8090 (http) with context path ''
2018-09-21 14:01:18.437  INFO 4133 --- [restartedMain] c.e.g.g.GraphComputeApplication          : Started GraphComputeApplication in 3.857 seconds (JVM running for 4.501)
2018-09-21 14:02:20.458  INFO 4133 --- [RMI TCP Connection(2)-127.0.0.1] inMXBeanRegistrar$SpringApplicationAdmin : Application shutdown requested.
2018-09-21 14:02:20.459  INFO 4133 --- [RMI TCP Connection(2)-127.0.0.1] ConfigServletWebServerApplicationContext : Closing org.springframework.boot.web.servlet.context.AnnotationConfigServletWebServerApplicationContext@67ff2af9: startup date [Fri Sep 21 14:01:14 CEST 2018]; root of context hierarchy
2018-09-21 14:02:20.463  INFO 4133 --- [RMI TCP Connection(2)-127.0.0.1] com.zaxxer.hikari.HikariDataSource       : HikariPool-1 - Shutdown initiated...
2018-09-21 14:02:20.466  INFO 4133 --- [RMI TCP Connection(2)-127.0.0.1] com.zaxxer.hikari.HikariDataSource       : HikariPool-1 - Shutdown completed.
2018-09-21 14:49:39.044  INFO 5338 --- [restartedMain] c.e.g.g.GraphComputeApplication          : Starting GraphComputeApplication on Dipeshs-MacBook-Pro.local with PID 5338 (started by Dipesh in /Users/Dipesh/OneDrive/Research Engineer/workspace/graph-compute)
2018-09-21 14:49:39.049  INFO 5338 --- [restartedMain] c.e.g.g.GraphComputeApplication          : No active profile set, falling back to default profiles: default
2018-09-21 14:49:39.107  INFO 5338 --- [restartedMain] ConfigServletWebServerApplicationContext : Refreshing org.springframework.boot.web.servlet.context.AnnotationConfigServletWebServerApplicationContext@517b3b6: startup date [Fri Sep 21 14:49:39 CEST 2018]; root of context hierarchy
2018-09-21 14:49:40.905  INFO 5338 --- [restartedMain] trationDelegate$BeanPostProcessorChecker : Bean 'org.springframework.transaction.annotation.ProxyTransactionManagementConfiguration' of type [org.springframework.transaction.annotation.ProxyTransactionManagementConfiguration$$EnhancerBySpringCGLIB$$37dd5513] is not eligible for getting processed by all BeanPostProcessors (for example: not eligible for auto-proxying)
2018-09-21 14:49:41.534  INFO 5338 --- [restartedMain] o.s.b.w.embedded.tomcat.TomcatWebServer  : Tomcat initialized with port(s): 8090 (http)
2018-09-21 14:49:41.567  INFO 5338 --- [restartedMain] o.apache.catalina.core.StandardService   : Starting service [Tomcat]
2018-09-21 14:49:41.568  INFO 5338 --- [restartedMain] org.apache.catalina.core.StandardEngine  : Starting Servlet Engine: Apache Tomcat/8.5.32
2018-09-21 14:49:41.596  INFO 5338 --- [localhost-startStop-1] o.a.catalina.core.AprLifecycleListener   : The APR based Apache Tomcat Native library which allows optimal performance in production environments was not found on the java.library.path: [/Users/Dipesh/Library/Java/Extensions:/Library/Java/Extensions:/Network/Library/Java/Extensions:/System/Library/Java/Extensions:/usr/lib/java:.]
2018-09-21 14:49:41.696  INFO 5338 --- [localhost-startStop-1] o.a.c.c.C.[Tomcat].[localhost].[/]       : Initializing Spring embedded WebApplicationContext
2018-09-21 14:49:41.697  INFO 5338 --- [localhost-startStop-1] o.s.web.context.ContextLoader            : Root WebApplicationContext: initialization completed in 2591 ms
2018-09-21 14:49:41.809  INFO 5338 --- [localhost-startStop-1] o.s.b.w.servlet.ServletRegistrationBean  : Servlet dispatcherServlet mapped to [/]
2018-09-21 14:49:41.816  INFO 5338 --- [localhost-startStop-1] o.s.b.w.servlet.FilterRegistrationBean   : Mapping filter: 'characterEncodingFilter' to: [/*]
2018-09-21 14:49:41.816  INFO 5338 --- [localhost-startStop-1] o.s.b.w.servlet.FilterRegistrationBean   : Mapping filter: 'hiddenHttpMethodFilter' to: [/*]
2018-09-21 14:49:41.816  INFO 5338 --- [localhost-startStop-1] o.s.b.w.servlet.FilterRegistrationBean   : Mapping filter: 'httpPutFormContentFilter' to: [/*]
2018-09-21 14:49:41.817  INFO 5338 --- [localhost-startStop-1] o.s.b.w.servlet.FilterRegistrationBean   : Mapping filter: 'requestContextFilter' to: [/*]
2018-09-21 14:49:42.041  INFO 5338 --- [restartedMain] com.zaxxer.hikari.HikariDataSource       : HikariPool-1 - Starting...
2018-09-21 14:49:42.314  INFO 5338 --- [restartedMain] com.zaxxer.hikari.HikariDataSource       : HikariPool-1 - Start completed.
2018-09-21 14:49:42.379  INFO 5338 --- [restartedMain] j.LocalContainerEntityManagerFactoryBean : Building JPA container EntityManagerFactory for persistence unit 'default'
2018-09-21 14:49:42.397  INFO 5338 --- [restartedMain] o.hibernate.jpa.internal.util.LogHelper  : HHH000204: Processing PersistenceUnitInfo [
	name: default
	...]
2018-09-21 14:49:42.501  INFO 5338 --- [restartedMain] org.hibernate.Version                    : HHH000412: Hibernate Core {5.2.17.Final}
2018-09-21 14:49:42.504  INFO 5338 --- [restartedMain] org.hibernate.cfg.Environment            : HHH000206: hibernate.properties not found
2018-09-21 14:49:42.674  INFO 5338 --- [restartedMain] o.hibernate.annotations.common.Version   : HCANN000001: Hibernate Commons Annotations {5.0.1.Final}
2018-09-21 14:49:42.827  INFO 5338 --- [restartedMain] org.hibernate.dialect.Dialect            : HHH000400: Using dialect: org.hibernate.dialect.MySQL5InnoDBDialect
2018-09-21 14:49:43.136  INFO 5338 --- [restartedMain] j.LocalContainerEntityManagerFactoryBean : Initialized JPA EntityManagerFactory for persistence unit 'default'
2018-09-21 14:49:43.347  INFO 5338 --- [restartedMain] o.s.w.s.handler.SimpleUrlHandlerMapping  : Mapped URL path [/**/favicon.ico] onto handler of type [class org.springframework.web.servlet.resource.ResourceHttpRequestHandler]
2018-09-21 14:49:43.777  INFO 5338 --- [restartedMain] s.w.s.m.m.a.RequestMappingHandlerAdapter : Looking for @ControllerAdvice: org.springframework.boot.web.servlet.context.AnnotationConfigServletWebServerApplicationContext@517b3b6: startup date [Fri Sep 21 14:49:39 CEST 2018]; root of context hierarchy
2018-09-21 14:49:43.828  WARN 5338 --- [restartedMain] aWebConfiguration$JpaWebMvcConfiguration : spring.jpa.open-in-view is enabled by default. Therefore, database queries may be performed during view rendering. Explicitly configure spring.jpa.open-in-view to disable this warning
2018-09-21 14:49:43.925  INFO 5338 --- [restartedMain] s.w.s.m.m.a.RequestMappingHandlerMapping : Mapped "{[/error]}" onto public org.springframework.http.ResponseEntity<java.util.Map<java.lang.String, java.lang.Object>> org.springframework.boot.autoconfigure.web.servlet.error.BasicErrorController.error(javax.servlet.http.HttpServletRequest)
2018-09-21 14:49:43.926  INFO 5338 --- [restartedMain] s.w.s.m.m.a.RequestMappingHandlerMapping : Mapped "{[/error],produces=[text/html]}" onto public org.springframework.web.servlet.ModelAndView org.springframework.boot.autoconfigure.web.servlet.error.BasicErrorController.errorHtml(javax.servlet.http.HttpServletRequest,javax.servlet.http.HttpServletResponse)
2018-09-21 14:49:43.988  INFO 5338 --- [restartedMain] o.s.w.s.handler.SimpleUrlHandlerMapping  : Mapped URL path [/webjars/**] onto handler of type [class org.springframework.web.servlet.resource.ResourceHttpRequestHandler]
2018-09-21 14:49:43.989  INFO 5338 --- [restartedMain] o.s.w.s.handler.SimpleUrlHandlerMapping  : Mapped URL path [/**] onto handler of type [class org.springframework.web.servlet.resource.ResourceHttpRequestHandler]
2018-09-21 14:49:44.606  WARN 5338 --- [restartedMain] o.s.b.d.a.OptionalLiveReloadServer       : Unable to start LiveReload server
2018-09-21 14:49:44.673  INFO 5338 --- [restartedMain] o.s.j.e.a.AnnotationMBeanExporter        : Registering beans for JMX exposure on startup
2018-09-21 14:49:44.676  INFO 5338 --- [restartedMain] o.s.j.e.a.AnnotationMBeanExporter        : Bean with name 'dataSource' has been autodetected for JMX exposure
2018-09-21 14:49:44.685  INFO 5338 --- [restartedMain] o.s.j.e.a.AnnotationMBeanExporter        : Located MBean 'dataSource': registering with JMX server as MBean [com.zaxxer.hikari:name=dataSource,type=HikariDataSource]
2018-09-21 14:49:44.748  INFO 5338 --- [restartedMain] o.s.b.w.embedded.tomcat.TomcatWebServer  : Tomcat started on port(s): 8090 (http) with context path ''
2018-09-21 14:49:44.756  INFO 5338 --- [restartedMain] c.e.g.g.GraphComputeApplication          : Started GraphComputeApplication in 6.164 seconds (JVM running for 6.932)
2018-09-21 14:52:08.651  INFO 5338 --- [RMI TCP Connection(2)-127.0.0.1] inMXBeanRegistrar$SpringApplicationAdmin : Application shutdown requested.
2018-09-21 14:52:08.652  INFO 5338 --- [RMI TCP Connection(2)-127.0.0.1] ConfigServletWebServerApplicationContext : Closing org.springframework.boot.web.servlet.context.AnnotationConfigServletWebServerApplicationContext@517b3b6: startup date [Fri Sep 21 14:49:39 CEST 2018]; root of context hierarchy
2018-09-21 14:52:08.660  INFO 5338 --- [RMI TCP Connection(2)-127.0.0.1] com.zaxxer.hikari.HikariDataSource       : HikariPool-1 - Shutdown initiated...
2018-09-21 14:52:08.669  INFO 5338 --- [RMI TCP Connection(2)-127.0.0.1] com.zaxxer.hikari.HikariDataSource       : HikariPool-1 - Shutdown completed.
2018-09-21 15:33:54.544  INFO 6436 --- [restartedMain] c.e.g.g.GraphComputeApplication          : Starting GraphComputeApplication on Dipeshs-MacBook-Pro.local with PID 6436 (started by Dipesh in /Users/Dipesh/OneDrive/Research Engineer/workspace/graph-compute)
2018-09-21 15:33:54.548  INFO 6436 --- [restartedMain] c.e.g.g.GraphComputeApplication          : No active profile set, falling back to default profiles: default
2018-09-21 15:33:54.646  INFO 6436 --- [restartedMain] ConfigServletWebServerApplicationContext : Refreshing org.springframework.boot.web.servlet.context.AnnotationConfigServletWebServerApplicationContext@6ebc57b3: startup date [Fri Sep 21 15:33:54 CEST 2018]; root of context hierarchy
2018-09-21 15:33:57.142  INFO 6436 --- [restartedMain] trationDelegate$BeanPostProcessorChecker : Bean 'org.springframework.transaction.annotation.ProxyTransactionManagementConfiguration' of type [org.springframework.transaction.annotation.ProxyTransactionManagementConfiguration$$EnhancerBySpringCGLIB$$33f425ca] is not eligible for getting processed by all BeanPostProcessors (for example: not eligible for auto-proxying)
2018-09-21 15:33:58.204  INFO 6436 --- [restartedMain] o.s.b.w.embedded.tomcat.TomcatWebServer  : Tomcat initialized with port(s): 8090 (http)
2018-09-21 15:33:58.280  INFO 6436 --- [restartedMain] o.apache.catalina.core.StandardService   : Starting service [Tomcat]
2018-09-21 15:33:58.281  INFO 6436 --- [restartedMain] org.apache.catalina.core.StandardEngine  : Starting Servlet Engine: Apache Tomcat/8.5.32
2018-09-21 15:33:58.309  INFO 6436 --- [localhost-startStop-1] o.a.catalina.core.AprLifecycleListener   : The APR based Apache Tomcat Native library which allows optimal performance in production environments was not found on the java.library.path: [/Users/Dipesh/Library/Java/Extensions:/Library/Java/Extensions:/Network/Library/Java/Extensions:/System/Library/Java/Extensions:/usr/lib/java:.]
2018-09-21 15:33:58.557  INFO 6436 --- [localhost-startStop-1] o.a.c.c.C.[Tomcat].[localhost].[/]       : Initializing Spring embedded WebApplicationContext
2018-09-21 15:33:58.558  INFO 6436 --- [localhost-startStop-1] o.s.web.context.ContextLoader            : Root WebApplicationContext: initialization completed in 3911 ms
2018-09-21 15:33:58.702  INFO 6436 --- [localhost-startStop-1] o.s.b.w.servlet.ServletRegistrationBean  : Servlet dispatcherServlet mapped to [/]
2018-09-21 15:33:58.709  INFO 6436 --- [localhost-startStop-1] o.s.b.w.servlet.FilterRegistrationBean   : Mapping filter: 'characterEncodingFilter' to: [/*]
2018-09-21 15:33:58.710  INFO 6436 --- [localhost-startStop-1] o.s.b.w.servlet.FilterRegistrationBean   : Mapping filter: 'hiddenHttpMethodFilter' to: [/*]
2018-09-21 15:33:58.711  INFO 6436 --- [localhost-startStop-1] o.s.b.w.servlet.FilterRegistrationBean   : Mapping filter: 'httpPutFormContentFilter' to: [/*]
2018-09-21 15:33:58.711  INFO 6436 --- [localhost-startStop-1] o.s.b.w.servlet.FilterRegistrationBean   : Mapping filter: 'requestContextFilter' to: [/*]
2018-09-21 15:33:59.197  INFO 6436 --- [restartedMain] com.zaxxer.hikari.HikariDataSource       : HikariPool-1 - Starting...
2018-09-21 15:33:59.690  INFO 6436 --- [restartedMain] com.zaxxer.hikari.HikariDataSource       : HikariPool-1 - Start completed.
2018-09-21 15:33:59.802  INFO 6436 --- [restartedMain] j.LocalContainerEntityManagerFactoryBean : Building JPA container EntityManagerFactory for persistence unit 'default'
2018-09-21 15:33:59.895  INFO 6436 --- [restartedMain] o.hibernate.jpa.internal.util.LogHelper  : HHH000204: Processing PersistenceUnitInfo [
	name: default
	...]
2018-09-21 15:34:00.125  INFO 6436 --- [restartedMain] org.hibernate.Version                    : HHH000412: Hibernate Core {5.2.17.Final}
2018-09-21 15:34:00.131  INFO 6436 --- [restartedMain] org.hibernate.cfg.Environment            : HHH000206: hibernate.properties not found
2018-09-21 15:34:00.237  INFO 6436 --- [restartedMain] o.hibernate.annotations.common.Version   : HCANN000001: Hibernate Commons Annotations {5.0.1.Final}
2018-09-21 15:34:00.514  INFO 6436 --- [restartedMain] org.hibernate.dialect.Dialect            : HHH000400: Using dialect: org.hibernate.dialect.MySQL5InnoDBDialect
2018-09-21 15:34:01.129  INFO 6436 --- [restartedMain] j.LocalContainerEntityManagerFactoryBean : Initialized JPA EntityManagerFactory for persistence unit 'default'
2018-09-21 15:34:01.418  INFO 6436 --- [restartedMain] o.s.w.s.handler.SimpleUrlHandlerMapping  : Mapped URL path [/**/favicon.ico] onto handler of type [class org.springframework.web.servlet.resource.ResourceHttpRequestHandler]
2018-09-21 15:34:02.001  INFO 6436 --- [restartedMain] s.w.s.m.m.a.RequestMappingHandlerAdapter : Looking for @ControllerAdvice: org.springframework.boot.web.servlet.context.AnnotationConfigServletWebServerApplicationContext@6ebc57b3: startup date [Fri Sep 21 15:33:54 CEST 2018]; root of context hierarchy
2018-09-21 15:34:02.130  WARN 6436 --- [restartedMain] aWebConfiguration$JpaWebMvcConfiguration : spring.jpa.open-in-view is enabled by default. Therefore, database queries may be performed during view rendering. Explicitly configure spring.jpa.open-in-view to disable this warning
2018-09-21 15:34:02.367  INFO 6436 --- [restartedMain] s.w.s.m.m.a.RequestMappingHandlerMapping : Mapped "{[/error]}" onto public org.springframework.http.ResponseEntity<java.util.Map<java.lang.String, java.lang.Object>> org.springframework.boot.autoconfigure.web.servlet.error.BasicErrorController.error(javax.servlet.http.HttpServletRequest)
2018-09-21 15:34:02.372  INFO 6436 --- [restartedMain] s.w.s.m.m.a.RequestMappingHandlerMapping : Mapped "{[/error],produces=[text/html]}" onto public org.springframework.web.servlet.ModelAndView org.springframework.boot.autoconfigure.web.servlet.error.BasicErrorController.errorHtml(javax.servlet.http.HttpServletRequest,javax.servlet.http.HttpServletResponse)
2018-09-21 15:34:02.542  INFO 6436 --- [restartedMain] o.s.w.s.handler.SimpleUrlHandlerMapping  : Mapped URL path [/webjars/**] onto handler of type [class org.springframework.web.servlet.resource.ResourceHttpRequestHandler]
2018-09-21 15:34:02.545  INFO 6436 --- [restartedMain] o.s.w.s.handler.SimpleUrlHandlerMapping  : Mapped URL path [/**] onto handler of type [class org.springframework.web.servlet.resource.ResourceHttpRequestHandler]
2018-09-21 15:34:03.586  WARN 6436 --- [restartedMain] o.s.b.d.a.OptionalLiveReloadServer       : Unable to start LiveReload server
2018-09-21 15:34:03.699  INFO 6436 --- [restartedMain] o.s.j.e.a.AnnotationMBeanExporter        : Registering beans for JMX exposure on startup
2018-09-21 15:34:03.703  INFO 6436 --- [restartedMain] o.s.j.e.a.AnnotationMBeanExporter        : Bean with name 'dataSource' has been autodetected for JMX exposure
2018-09-21 15:34:03.726  INFO 6436 --- [restartedMain] o.s.j.e.a.AnnotationMBeanExporter        : Located MBean 'dataSource': registering with JMX server as MBean [com.zaxxer.hikari:name=dataSource,type=HikariDataSource]
2018-09-21 15:34:03.827  INFO 6436 --- [restartedMain] o.s.b.w.embedded.tomcat.TomcatWebServer  : Tomcat started on port(s): 8090 (http) with context path ''
2018-09-21 15:34:03.838  INFO 6436 --- [restartedMain] c.e.g.g.GraphComputeApplication          : Started GraphComputeApplication in 9.781 seconds (JVM running for 10.395)
2018-09-21 15:34:04.202  INFO 6436 --- [restartedMain] com.zaxxer.hikari.HikariDataSource       : HikariPool-1 - Shutdown initiated...
2018-09-21 15:34:04.214  INFO 6436 --- [restartedMain] com.zaxxer.hikari.HikariDataSource       : HikariPool-1 - Shutdown completed.
2018-09-21 15:34:41.908  INFO 6455 --- [restartedMain] c.e.g.g.GraphComputeApplication          : Starting GraphComputeApplication on Dipeshs-MacBook-Pro.local with PID 6455 (started by Dipesh in /Users/Dipesh/OneDrive/Research Engineer/workspace/graph-compute)
2018-09-21 15:34:41.912  INFO 6455 --- [restartedMain] c.e.g.g.GraphComputeApplication          : No active profile set, falling back to default profiles: default
2018-09-21 15:34:41.982  INFO 6455 --- [restartedMain] ConfigServletWebServerApplicationContext : Refreshing org.springframework.boot.web.servlet.context.AnnotationConfigServletWebServerApplicationContext@2aac2d8: startup date [Fri Sep 21 15:34:41 CEST 2018]; root of context hierarchy
2018-09-21 15:34:43.971  INFO 6455 --- [restartedMain] trationDelegate$BeanPostProcessorChecker : Bean 'org.springframework.transaction.annotation.ProxyTransactionManagementConfiguration' of type [org.springframework.transaction.annotation.ProxyTransactionManagementConfiguration$$EnhancerBySpringCGLIB$$a1175d86] is not eligible for getting processed by all BeanPostProcessors (for example: not eligible for auto-proxying)
2018-09-21 15:34:44.830  INFO 6455 --- [restartedMain] o.s.b.w.embedded.tomcat.TomcatWebServer  : Tomcat initialized with port(s): 8090 (http)
2018-09-21 15:34:44.899  INFO 6455 --- [restartedMain] o.apache.catalina.core.StandardService   : Starting service [Tomcat]
2018-09-21 15:34:44.899  INFO 6455 --- [restartedMain] org.apache.catalina.core.StandardEngine  : Starting Servlet Engine: Apache Tomcat/8.5.32
2018-09-21 15:34:44.919  INFO 6455 --- [localhost-startStop-1] o.a.catalina.core.AprLifecycleListener   : The APR based Apache Tomcat Native library which allows optimal performance in production environments was not found on the java.library.path: [/Users/Dipesh/Library/Java/Extensions:/Library/Java/Extensions:/Network/Library/Java/Extensions:/System/Library/Java/Extensions:/usr/lib/java:.]
2018-09-21 15:34:45.148  INFO 6455 --- [localhost-startStop-1] o.a.c.c.C.[Tomcat].[localhost].[/]       : Initializing Spring embedded WebApplicationContext
2018-09-21 15:34:45.149  INFO 6455 --- [localhost-startStop-1] o.s.web.context.ContextLoader            : Root WebApplicationContext: initialization completed in 3167 ms
2018-09-21 15:34:45.264  INFO 6455 --- [localhost-startStop-1] o.s.b.w.servlet.ServletRegistrationBean  : Servlet dispatcherServlet mapped to [/]
2018-09-21 15:34:45.273  INFO 6455 --- [localhost-startStop-1] o.s.b.w.servlet.FilterRegistrationBean   : Mapping filter: 'characterEncodingFilter' to: [/*]
2018-09-21 15:34:45.274  INFO 6455 --- [localhost-startStop-1] o.s.b.w.servlet.FilterRegistrationBean   : Mapping filter: 'hiddenHttpMethodFilter' to: [/*]
2018-09-21 15:34:45.274  INFO 6455 --- [localhost-startStop-1] o.s.b.w.servlet.FilterRegistrationBean   : Mapping filter: 'httpPutFormContentFilter' to: [/*]
2018-09-21 15:34:45.275  INFO 6455 --- [localhost-startStop-1] o.s.b.w.servlet.FilterRegistrationBean   : Mapping filter: 'requestContextFilter' to: [/*]
2018-09-21 15:34:45.693  INFO 6455 --- [restartedMain] com.zaxxer.hikari.HikariDataSource       : HikariPool-1 - Starting...
2018-09-21 15:34:46.123  INFO 6455 --- [restartedMain] com.zaxxer.hikari.HikariDataSource       : HikariPool-1 - Start completed.
2018-09-21 15:34:46.203  INFO 6455 --- [restartedMain] j.LocalContainerEntityManagerFactoryBean : Building JPA container EntityManagerFactory for persistence unit 'default'
2018-09-21 15:34:46.244  INFO 6455 --- [restartedMain] o.hibernate.jpa.internal.util.LogHelper  : HHH000204: Processing PersistenceUnitInfo [
	name: default
	...]
2018-09-21 15:34:46.398  INFO 6455 --- [restartedMain] org.hibernate.Version                    : HHH000412: Hibernate Core {5.2.17.Final}
2018-09-21 15:34:46.400  INFO 6455 --- [restartedMain] org.hibernate.cfg.Environment            : HHH000206: hibernate.properties not found
2018-09-21 15:34:46.458  INFO 6455 --- [restartedMain] o.hibernate.annotations.common.Version   : HCANN000001: Hibernate Commons Annotations {5.0.1.Final}
2018-09-21 15:34:46.652  INFO 6455 --- [restartedMain] org.hibernate.dialect.Dialect            : HHH000400: Using dialect: org.hibernate.dialect.MySQL5InnoDBDialect
2018-09-21 15:34:47.128  INFO 6455 --- [restartedMain] j.LocalContainerEntityManagerFactoryBean : Initialized JPA EntityManagerFactory for persistence unit 'default'
2018-09-21 15:34:47.353  INFO 6455 --- [restartedMain] o.s.w.s.handler.SimpleUrlHandlerMapping  : Mapped URL path [/**/favicon.ico] onto handler of type [class org.springframework.web.servlet.resource.ResourceHttpRequestHandler]
2018-09-21 15:34:47.796  INFO 6455 --- [restartedMain] s.w.s.m.m.a.RequestMappingHandlerAdapter : Looking for @ControllerAdvice: org.springframework.boot.web.servlet.context.AnnotationConfigServletWebServerApplicationContext@2aac2d8: startup date [Fri Sep 21 15:34:41 CEST 2018]; root of context hierarchy
2018-09-21 15:34:47.891  WARN 6455 --- [restartedMain] aWebConfiguration$JpaWebMvcConfiguration : spring.jpa.open-in-view is enabled by default. Therefore, database queries may be performed during view rendering. Explicitly configure spring.jpa.open-in-view to disable this warning
2018-09-21 15:34:48.003  INFO 6455 --- [restartedMain] s.w.s.m.m.a.RequestMappingHandlerMapping : Mapped "{[/error]}" onto public org.springframework.http.ResponseEntity<java.util.Map<java.lang.String, java.lang.Object>> org.springframework.boot.autoconfigure.web.servlet.error.BasicErrorController.error(javax.servlet.http.HttpServletRequest)
2018-09-21 15:34:48.006  INFO 6455 --- [restartedMain] s.w.s.m.m.a.RequestMappingHandlerMapping : Mapped "{[/error],produces=[text/html]}" onto public org.springframework.web.servlet.ModelAndView org.springframework.boot.autoconfigure.web.servlet.error.BasicErrorController.errorHtml(javax.servlet.http.HttpServletRequest,javax.servlet.http.HttpServletResponse)
2018-09-21 15:34:48.084  INFO 6455 --- [restartedMain] o.s.w.s.handler.SimpleUrlHandlerMapping  : Mapped URL path [/webjars/**] onto handler of type [class org.springframework.web.servlet.resource.ResourceHttpRequestHandler]
2018-09-21 15:34:48.085  INFO 6455 --- [restartedMain] o.s.w.s.handler.SimpleUrlHandlerMapping  : Mapped URL path [/**] onto handler of type [class org.springframework.web.servlet.resource.ResourceHttpRequestHandler]
2018-09-21 15:34:48.952  WARN 6455 --- [restartedMain] o.s.b.d.a.OptionalLiveReloadServer       : Unable to start LiveReload server
2018-09-21 15:34:49.075  INFO 6455 --- [restartedMain] o.s.j.e.a.AnnotationMBeanExporter        : Registering beans for JMX exposure on startup
2018-09-21 15:34:49.078  INFO 6455 --- [restartedMain] o.s.j.e.a.AnnotationMBeanExporter        : Bean with name 'dataSource' has been autodetected for JMX exposure
2018-09-21 15:34:49.096  INFO 6455 --- [restartedMain] o.s.j.e.a.AnnotationMBeanExporter        : Located MBean 'dataSource': registering with JMX server as MBean [com.zaxxer.hikari:name=dataSource,type=HikariDataSource]
2018-09-21 15:34:49.186  INFO 6455 --- [restartedMain] o.s.b.w.embedded.tomcat.TomcatWebServer  : Tomcat started on port(s): 8090 (http) with context path ''
2018-09-21 15:34:49.194  INFO 6455 --- [restartedMain] c.e.g.g.GraphComputeApplication          : Started GraphComputeApplication in 7.725 seconds (JVM running for 8.209)
2018-09-21 15:34:49.481  INFO 6455 --- [restartedMain] com.zaxxer.hikari.HikariDataSource       : HikariPool-1 - Shutdown initiated...
2018-09-21 15:34:49.501  INFO 6455 --- [restartedMain] com.zaxxer.hikari.HikariDataSource       : HikariPool-1 - Shutdown completed.
